TN:
SF:script/DeployFundMe.s.sol
FN:9,DeployFundMe.run
FNDA:0,DeployFundMe.run
DA:10,0
DA:11,0
DA:12,0
DA:13,0
DA:14,0
DA:15,0
FNF:1
FNH:0
LF:6
LH:0
BRF:0
BRH:0
end_of_record
TN:
SF:script/HelperConfig.s.sol
FN:29,HelperConfig.getSepoliaEthConfig
FNDA:0,HelperConfig.getSepoliaEthConfig
DA:30,0
DA:31,0
FN:34,HelperConfig.getMainEthConfig
FNDA:0,HelperConfig.getMainEthConfig
DA:35,0
DA:36,0
FN:38,HelperConfig.getOrCreateAnvilEthConfig
FNDA:0,HelperConfig.getOrCreateAnvilEthConfig
DA:39,0
BRDA:39,0,0,-
BRDA:39,0,1,-
DA:40,0
DA:43,0
DA:44,0
DA:45,0
DA:46,0
DA:47,0
FNF:3
FNH:0
LF:11
LH:0
BRF:2
BRH:0
end_of_record
TN:
SF:src/FundMe.sol
FN:40,FundMe.fund
FNDA:14,FundMe.fund
DA:50,14
BRDA:50,0,0,1
BRDA:50,0,1,13
DA:51,13
DA:52,13
FN:65,FundMe.withdraw
FNDA:2,FundMe.withdraw
DA:66,2
DA:67,11
DA:68,11
DA:71,2
DA:92,2
DA:93,2
BRDA:93,1,0,-
BRDA:93,1,1,2
FN:122,FundMe.
FNDA:0,FundMe.
DA:123,0
FN:132,FundMe.getAddressToAmountFunded
FNDA:1,FundMe.getAddressToAmountFunded
DA:133,1
FN:136,FundMe.getVersion
FNDA:1,FundMe.getVersion
DA:137,1
FN:140,FundMe.getFunder
FNDA:1,FundMe.getFunder
DA:141,1
FN:144,FundMe.getOwner
FNDA:7,FundMe.getOwner
DA:145,7
FN:148,FundMe.getPriceFeed
FNDA:0,FundMe.getPriceFeed
DA:149,0
FNF:8
FNH:6
LF:15
LH:13
BRF:4
BRH:3
end_of_record
TN:
SF:src/PriceConverter.sol
FN:11,PriceConverter.getPrice
FNDA:0,PriceConverter.getPrice
DA:15,0
DA:17,0
FN:21,PriceConverter.getVersion
FNDA:0,PriceConverter.getVersion
DA:22,0
DA:23,0
FN:27,PriceConverter.getConversionRate
FNDA:0,PriceConverter.getConversionRate
DA:28,0
DA:32,0
DA:37,0
FNF:3
FNH:0
LF:7
LH:0
BRF:0
BRH:0
end_of_record
TN:
SF:test/mock/MockV3Aggregator.sol
FN:21,MockV3Aggregator.updateAnswer
FNDA:0,MockV3Aggregator.updateAnswer
DA:22,0
DA:23,0
DA:24,0
DA:25,0
DA:26,0
DA:27,0
FN:30,MockV3Aggregator.updateRoundData
FNDA:0,MockV3Aggregator.updateRoundData
DA:31,0
DA:32,0
DA:33,0
DA:34,0
DA:35,0
DA:36,0
FN:39,MockV3Aggregator.getRoundData
FNDA:0,MockV3Aggregator.getRoundData
DA:44,0
FN:47,MockV3Aggregator.latestRoundData
FNDA:14,MockV3Aggregator.latestRoundData
DA:52,14
FN:61,MockV3Aggregator.description
FNDA:0,MockV3Aggregator.description
DA:62,0
FNF:5
FNH:1
LF:15
LH:1
BRF:0
BRH:0
end_of_record
